autoscan: warning: missing AC_CHECK_FUNCS([floor]) wanted by: 
	trio.c:2689
	trio.c:2696
	trio.c:2703
autoscan: warning: missing AC_CHECK_FUNCS([getcwd]) wanted by: 
	xmlIO.c:3652
	win32/wince/wincecompat.c:50
	win32/wince/wincecompat.h:39
autoscan: warning: missing AC_CHECK_FUNCS([gethostbyname]) wanted by: 
	nanohttp.c:1119
	nanoftp.c:930
	nanoftp.c:932
autoscan: warning: missing AC_CHECK_FUNCS([isascii]) wanted by: 
	trio.c:1220
	trio.c:3093
	trio.c:5506
	trio.c:5674
	trio.c:6062
autoscan: warning: missing AC_CHECK_FUNCS([localeconv]) wanted by: 
	trio.c:867
autoscan: warning: missing AC_CHECK_FUNCS([mblen]) wanted by: 
	trio.c:1214
	trio.c:1226
	trio.c:2538
	trio.c:3087
	trio.c:3095
	trio.c:5694
	trio.c:5730
	trio.c:6056
	trio.c:6064
autoscan: warning: missing AC_CHECK_FUNCS([memmove]) wanted by: 
	nanohttp.c:546
	parser.c:1095
	tree.c:7044
	tree.c:7051
	tree.c:7233
	tree.c:7318
	tree.c:7372
	tree.c:7386
	tree.c:7387
	encoding.c:1069
	xpath.c:2769
	nanoftp.c:602
	nanoftp.c:1809
	xmlschemastypes.c:5628
	xmlschemastypes.c:5757
	xmlschemastypes.c:5767
autoscan: warning: missing AC_CHECK_FUNCS([memset]) wanted by: 
	nanohttp.c:393
	nanohttp.c:1047
	nanohttp.c:1049
	nanohttp.c:1070
	pattern.c:209
	pattern.c:255
	pattern.c:302
	pattern.c:327
	pattern.c:1499
	pattern.c:1764
	xmlIO.c:1444
	xmlIO.c:1746
	xmlIO.c:2280
	xmlIO.c:2319
	xmlIO.c:2369
	xmlIO.c:2887
	parser.c:11724
	parser.c:11855
	relaxng.c:768
	relaxng.c:847
	relaxng.c:922
	relaxng.c:1215
	relaxng.c:1297
	relaxng.c:1641
	relaxng.c:1971
	relaxng.c:2780
	relaxng.c:3787
	relaxng.c:4373
	relaxng.c:6736
	relaxng.c:6767
	relaxng.c:6803
	relaxng.c:9292
	relaxng.c:9298
	relaxng.c:10745
	relaxng.c:10839
	xmlwriter.c:183
	xmlwriter.c:364
	xmlwriter.c:433
	tree.c:735
	tree.c:869
	tree.c:943
	tree.c:1147
	tree.c:1808
	tree.c:1976
	tree.c:2126
	tree.c:2188
	tree.c:2231
	tree.c:2364
	tree.c:2394
	tree.c:2512
	tree.c:2556
	tree.c:2625
	tree.c:2676
	tree.c:2710
	tree.c:4125
	tree.c:5814
	tree.c:5859
	tree.c:5992
	tree.c:7690
	tree.c:7700
	tree.c:7710
	tree.c:7806
	tree.c:9244
	tree.c:9268
	tree.c:9350
	xmlreader.c:2048
	xmlreader.c:5167
	testapi.c:133
	testapi.c:135
	testapi.c:136
	hash.c:158
	hash.c:223
	uri.c:987
	uri.c:2626
	c14n.c:288
	c14n.c:299
	c14n.c:303
	c14n.c:306
	c14n.c:327
	c14n.c:328
	c14n.c:653
	c14n.c:820
	c14n.c:829
	c14n.c:1438
	c14n.c:1809
	parserInternals.c:1388
	parserInternals.c:1868
	list.c:197
	catalog.c:416
	testrecurse.c:100
	valid.c:888
	valid.c:957
	valid.c:1022
	valid.c:1051
	valid.c:1515
	valid.c:1623
	valid.c:1762
	valid.c:2029
	valid.c:2168
	valid.c:2384
	valid.c:3215
	valid.c:6963
	SAX2.c:1827
	SAX2.c:1946
	SAX2.c:2191
	runtest.c:146
	xmlmodule.c:79
	xmlregexp.c:434
	xmlregexp.c:548
	xmlregexp.c:577
	xmlregexp.c:687
	xmlregexp.c:791
	xmlregexp.c:843
	xmlregexp.c:880
	xmlregexp.c:3101
	xmlregexp.c:3117
	xmlregexp.c:3199
	xmlregexp.c:3501
	xmlregexp.c:3528
	xmlregexp.c:6351
	xmlregexp.c:6360
	xmlregexp.c:6523
	xpath.c:464
	xpath.c:628
	xpath.c:638
	xpath.c:1800
	xpath.c:3339
	xpath.c:3388
	xpath.c:3397
	xpath.c:3428
	xpath.c:3437
	xpath.c:3519
	xpath.c:3572
	xpath.c:3624
	xpath.c:3735
	xpath.c:3797
	xpath.c:3904
	xpath.c:3988
	xpath.c:4231
	xpath.c:4260
	xpath.c:4317
	xpath.c:5110
	xpath.c:5136
	xpath.c:5162
	xpath.c:5191
	xpath.c:5217
	xpath.c:5256
	xpath.c:5517
	xpath.c:5520
	xpath.c:6000
	xpath.c:6108
	xpath.c:6144
	xpath.c:6770
	xpath.c:6786
	HTMLtree.c:421
	dict.c:462
	dict.c:560
	testchar.c:537
	xmlmemory.c:438
	testdict.c:162
	testdict.c:325
	trio.c:1208
	trio.c:3421
	trio.c:5443
	trio.c:6233
	trio.c:6383
	xmlschemas.c:3241
	xmlschemas.c:3264
	xmlschemas.c:3288
	xmlschemas.c:3304
	xmlschemas.c:3549
	xmlschemas.c:5120
	xmlschemas.c:5157
	xmlschemas.c:5197
	xmlschemas.c:5227
	xmlschemas.c:5271
	xmlschemas.c:5320
	xmlschemas.c:5362
	xmlschemas.c:5424
	xmlschemas.c:5461
	xmlschemas.c:5549
	xmlschemas.c:5609
	xmlschemas.c:5649
	xmlschemas.c:5685
	xmlschemas.c:8224
	xmlschemas.c:9840
	xmlschemas.c:9899
	xmlschemas.c:9931
	xmlschemas.c:22015
	xmlschemas.c:22380
	xmlschemas.c:22780
	xmlschemas.c:22848
	xmlschemas.c:23019
	xmlschemas.c:23233
	xmlschemas.c:23918
	xmlschemas.c:24070
	xmlschemas.c:24109
	xmlschemas.c:25149
	xmlschemas.c:27438
	xmlschemas.c:28489
	globals.c:563
	xinclude.c:235
	xinclude.c:293
	xmlsave.c:337
	xmlsave.c:385
	xmlsave.c:2037
	xmlsave.c:2131
	xmlsave.c:2217
	xmlsave.c:2336
	xmlsave.c:2386
	xmlsave.c:2426
	xmlsave.c:2481
	HTMLparser.c:2154
	HTMLparser.c:2280
	HTMLparser.c:4707
	HTMLparser.c:4720
	HTMLparser.c:4835
	threads.c:413
	threads.c:589
	xpointer.c:257
	xpointer.c:352
	xpointer.c:389
	xpointer.c:424
	xpointer.c:461
	xpointer.c:494
	xpointer.c:524
	xpointer.c:571
	xpointer.c:616
	xpointer.c:625
	xpointer.c:667
	xpointer.c:801
	xpointer.c:828
	xpointer.c:864
	nanoftp.c:481
	nanoftp.c:877
	nanoftp.c:884
	nanoftp.c:1382
	xmlcatalog.c:131
	xmlcatalog.c:147
	entities.c:157
	entities.c:835
	error.c:880
	schematron.c:334
	schematron.c:417
	schematron.c:495
	schematron.c:547
	schematron.c:603
	schematron.c:645
	schematron.c:684
	schematron.c:1514
	xmlschemastypes.c:229
	xmlschemastypes.c:266
	xmlschemastypes.c:374
	xmlschemastypes.c:422
	xmlschemastypes.c:438
	xmlschemastypes.c:452
	xmlschemastypes.c:947
	xmlschemastypes.c:5768
	example/gjobread.c:58
	example/gjobread.c:121
	example/gjobread.c:233
	python/libxml.c:1649
	python/libxml.c:1846
	python/libxml.c:3086
	python/libxml.c:3250
	python/libxml.c:3348
	python/libxml.c:3402
autoscan: warning: missing AC_CHECK_FUNCS([modf]) wanted by: 
	trionan.c:423
autoscan: warning: missing AC_CHECK_FUNCS([munmap]) wanted by: 
	testRelax.c:109
	testSchemas.c:105
	xmllint.c:1975
	xmllint.c:2226
	xmllint.c:2345
autoscan: warning: missing AC_CHECK_FUNCS([pow]) wanted by: 
	xpath.c:10015
	xpath.c:10094
	triostr.c:1072
	triostr.c:1074
autoscan: warning: missing AC_CHECK_FUNCS([putenv]) wanted by: 
	testapi.c:131
autoscan: warning: missing AC_CHECK_FUNCS([select]) wanted by: 
	nanohttp.c:497
	nanohttp.c:625
	nanohttp.c:956
	nanohttp.c:958
	nanoftp.c:745
	nanoftp.c:1554
	nanoftp.c:1769
	nanoftp.c:1914
autoscan: warning: missing AC_CHECK_FUNCS([socket]) wanted by: 
	nanohttp.c:201
	nanohttp.c:865
	nanohttp.c:870
	nanoftp.c:157
	nanoftp.c:916
	nanoftp.c:921
	nanoftp.c:950
	nanoftp.c:1385
	nanoftp.c:1391
autoscan: warning: missing AC_CHECK_FUNCS([strcasecmp]) wanted by: 
	triostr.c:405
autoscan: warning: missing AC_CHECK_FUNCS([strchr]) wanted by: 
	triostr.c:668
	triostr.c:689
	xmlschemas.c:5795
	nanoftp.c:341
	xmlschemastypes.c:5613
autoscan: warning: missing AC_CHECK_FUNCS([strncasecmp]) wanted by: 
	triostr.c:528
autoscan: warning: missing AC_CHECK_FUNCS([strstr]) wanted by: 
	xmlIO.c:630
	xmlIO.c:632
	runsuite.c:943
	runsuite.c:979
	testrecurse.c:635
	testrecurse.c:948
	runtest.c:585
	runtest.c:4438
	triostr.c:248
	triostr.c:869
autoscan: warning: missing AC_CHECK_FUNCS([strtol]) wanted by: 
	nanohttp.c:830
	triostr.c:1150
autoscan: warning: missing AC_CHECK_FUNCS([strtoul]) wanted by: 
	triostr.c:1199
autoscan: warning: missing AC_CHECK_HEADERS([OS.h]) wanted by: 
	runtest.c:4067
	testThreads.c:14
	threads.c:37
autoscan: warning: missing AC_CHECK_HEADERS([locale.h]) wanted by: 
	trio.c:138
autoscan: warning: missing AC_CHECK_HEADERS([stddef.h]) wanted by: 
	trio.c:100
autoscan: warning: missing AC_CHECK_HEADERS([wchar.h]) wanted by: 
	trio.c:156
autoscan: warning: missing AC_CHECK_HEADERS([wctype.h]) wanted by: 
	trio.c:157
autoscan: warning: missing AC_CHECK_HEADER_STDBOOL wanted by: 
	nanohttp.c:896
	nanohttp.c:896
autoscan: warning: missing AC_CHECK_TYPES([ptrdiff_t]) wanted by: 
	trio.c:1481
	trio.c:1483
	trio.c:2038
	trio.c:2039
	trio.c:3277
	trio.c:3277
	trio.c:6149
	trio.c:6149
	trio.c:6268
	trio.c:6268
autoscan: warning: missing AC_FUNC_ERROR_AT_LINE wanted by: 
	relaxng.c:10735
	xmlwriter.c:4515
	xmlwriter.c:4544
	catalog.c:895
	SAX2.c:62
	xpath.c:284
	xpath.c:363
	HTMLparser.c:6154
	xpointer.c:109
autoscan: warning: missing AC_FUNC_MALLOC wanted by: 
	testrecurse.c:106
	runtest.c:152
	runtest.c:688
	xmlmemory.c:174
	xmlmemory.c:242
	xmlmemory.c:489
	threads.c:192
	threads.c:301
	threads.c:448
	threads.c:582
	threads.c:700
	xmlcatalog.c:87
	xmllint.c:810
	xmllint.c:3065
	example/gjobread.c:53
	example/gjobread.c:116
	example/gjobread.c:227
	doc/tutorial/includeconvert.c:15
autoscan: warning: missing AC_FUNC_MMAP wanted by: 
	testRelax.c:96
	testSchemas.c:92
	xmllint.c:1832
	xmllint.c:2219
	xmllint.c:2334
autoscan: warning: missing AC_FUNC_REALLOC wanted by: 
	testrecurse.c:120
	runtest.c:166
	xmlmemory.c:345
	doc/tutorial/includeconvert.c:37
autoscan: warning: missing AC_FUNC_STRCOLL wanted by: 
	triostr.c:498
autoscan: warning: missing AC_FUNC_STRTOD wanted by: 
	triostr.c:1102
autoscan: warning: missing AC_HEADER_RESOLV wanted by: 
	nanohttp.c:46
	nanohttp.c:68
autoscan: warning: missing AC_PREREQ wanted by: 
	autoscan
autoscan: warning: missing AC_PROG_AWK wanted by: 
	Makefile.am:913
	Makefile.am:918
	Makefile.am:923
	Makefile.am:930
	ltmain.sh:5923
	ltmain.sh:5925
autoscan: warning: missing AC_PROG_CXX wanted by: 
	ltmain.sh:677
	ltmain.sh:1015
	ltmain.sh:1022
	ltmain.sh:1022
	ltmain.sh:1022
	ltmain.sh:1022
	ltmain.sh:1031
	ltmain.sh:1037
	ltmain.sh:1037
	ltmain.sh:1037
	ltmain.sh:1037
autoscan: warning: missing AC_PROG_LN_S wanted by: 
	ltmain.sh:1302
	ltmain.sh:7953
autoscan: warning: missing AC_PROG_MAKE_SET wanted by: 
	ltmain.sh:1316
	ltmain.sh:1371
	ltmain.sh:1420
	ltmain.sh:3540
	ltmain.sh:3865
	ltmain.sh:5242
	ltmain.sh:5830
	ltmain.sh:6566
	ltmain.sh:6609
	ltmain.sh:6620
	ltmain.sh:6685
	ltmain.sh:6739
	VxWorks/build.sh:77
autoscan: warning: missing AC_PROG_RANLIB wanted by: 
	ltmain.sh:1601
autoscan: warning: missing AC_TYPE_INT16_T wanted by: 
	trio.c:216
	trio.c:224
autoscan: warning: missing AC_TYPE_INT32_T wanted by: 
	trio.c:217
	trio.c:225
autoscan: warning: missing AC_TYPE_INT64_T wanted by: 
	trio.c:218
	trio.c:226
autoscan: warning: missing AC_TYPE_INT8_T wanted by: 
	trio.c:215
	trio.c:223
autoscan: warning: missing AC_TYPE_SIZE_T wanted by: 
	xmlIO.c:1491
	xmlIO.c:1494
	xmlIO.c:1495
	xmlIO.c:1552
	xmlIO.c:2280
	xmlIO.c:2319
	xmlIO.c:2369
	xmlIO.c:2887
	xmlIO.c:2888
	parser.c:2224
	xmlwriter.c:183
	tree.c:4535
	tree.c:6880
	tree.c:6917
	tree.c:7002
	tree.c:7042
	tree.c:7092
	tree.c:7195
	tree.c:7365
	c14n.c:288
	encoding.c:1700
	trio.h:103
	trio.h:104
	trio.h:106
	trio.h:109
	trio.h:110
	testrecurse.c:69
	testrecurse.c:71
	testrecurse.c:824
	SAX2.c:2485
	SAX2.c:2485
	SAX2.c:2490
	SAX2.c:2490
	SAX2.c:2491
	SAX2.c:2491
	SAX2.c:2497
	runtest.c:115
	runtest.c:117
	runtest.c:2414
	runtest.c:2462
	runtest.c:2997
	runtest.c:3174
	runtest.c:3261
	runtest.c:4314
	xpath.c:1800
	xpath.c:3388
	xpath.c:3398
	xpath.c:3428
	xpath.c:3437
	xpath.c:3520
	xpath.c:3573
	xpath.c:3625
	xpath.c:3736
	xpath.c:3798
	xpath.c:3905
	xpath.c:3989
	xpath.c:4231
	xpath.c:4260
	xpath.c:4317
	xpath.c:5110
	xpath.c:5136
	xpath.c:5162
	xpath.c:5191
	xpath.c:5217
	xpath.c:5256
	xpath.c:5285
	xpath.c:6000
	xpath.c:6108
	xpath.c:6144
	libxml.h:39
	HTMLtree.c:421
	triostr.c:95
	triostr.c:96
	triostr.c:127
	triostr.c:156
	triostr.c:212
	triostr.c:215
	triostr.c:300
	triostr.c:320
	triostr.c:367
	triostr.c:369
	triostr.c:464
	triostr.c:519
	triostr.c:531
	triostr.c:594
	triostr.c:598
	triostr.c:828
	triostr.c:835
	triostr.c:888
	triostr.c:891
	triostr.c:892
	triostr.c:1291
	triostr.c:1295
	triostr.c:1324
	triostr.c:1352
	triostr.c:1535
	triostr.c:1563
	triostr.c:1790
	triostr.c:1809
	triostr.c:1864
	triostr.c:1883
	triostr.c:1898
	triostr.c:1902
	xmlmemory.c:93
	xmlmemory.c:161
	xmlmemory.c:229
	xmlmemory.c:294
	xmlmemory.c:312
	xmlmemory.c:317
	xmlmemory.c:393
	xmlmemory.c:409
	xmlmemory.c:483
	trio.c:1471
	trio.c:1473
	trio.c:2031
	trio.c:2032
	trio.c:3272
	trio.c:3272
	trio.c:3408
	trio.c:3982
	trio.c:4014
	trio.c:4043
	trio.c:4068
	trio.c:4074
	trio.c:4095
	trio.c:4100
	trio.c:5694
	trio.c:6144
	trio.c:6144
	trio.c:6263
	trio.c:6263
	trio.c:6370
	triostr.h:45
	triostr.h:46
	triostr.h:52
	triostr.h:54
	triostr.h:63
	triostr.h:66
	triostr.h:67
	triostr.h:69
	triostr.h:69
	triostr.h:77
	triostr.h:79
	triostr.h:116
	triostr.h:118
	triostr.h:120
	triostr.h:120
	triostr.h:135
	triostr.h:137
	xmlsave.c:2037
	xpointer.c:257
	xpointer.c:352
	xpointer.c:389
	xpointer.c:424
	xpointer.c:461
	xpointer.c:494
	xpointer.c:524
	xpointer.c:571
	xpointer.c:616
	xpointer.c:626
	xpointer.c:668
	xpointer.c:801
	xpointer.c:828
	xpointer.c:864
	xmllint.c:354
	xmllint.c:369
	include/libxml/xmlmemory.h:66
	include/libxml/xmlmemory.h:77
	include/libxml/xmlmemory.h:153
	include/libxml/xmlmemory.h:155
	include/libxml/xmlmemory.h:161
	include/libxml/xmlmemory.h:163
	include/libxml/xmlmemory.h:165
	include/libxml/tree.h:661
	include/libxml/tree.h:664
	python/libxml.c:82
	python/libxml.c:83
	doc/examples/testWriter.c:1166
	doc/tutorial/includeconvert.c:15
autoscan: warning: missing AC_TYPE_UINT32_T wanted by: 
	dict.c:29
	dict.c:279
	dict.c:281
	dict.c:315
